<?xml version="1.0" encoding="UTF-8"?>
<!-- Generated by org.testng.reporters.JUnitReportReporter -->
<testsuite skipped="0" hostname="LAPTOP-RNPR9NEP" name="com.appium.Scripts.AjioKidsScript" tests="1" failures="0" timestamp="2021-05-29T09:54:30 IST" time="8.616" errors="0">
  <testcase name="AjioKidsTest" time="8.616" classname="com.appium.Scripts.AjioKidsScript"/>
  <system-out/>
</testsuite> <!-- com.appium.Scripts.AjioKidsScript -->
