<?xml version="1.0" encoding="UTF-8"?>
<!-- Generated by org.testng.reporters.JUnitReportReporter -->
<testsuite skipped="0" hostname="LAPTOP-RNPR9NEP" name="com.appium.Scripts.AjioStoresScript" tests="1" failures="0" timestamp="2021-05-29T09:54:30 IST" time="9.653" errors="0">
  <testcase name="AjioStoresTest" time="9.653" classname="com.appium.Scripts.AjioStoresScript"/>
  <system-out/>
</testsuite> <!-- com.appium.Scripts.AjioStoresScript -->
