<?xml version="1.0" encoding="UTF-8"?>
<!-- Generated by org.testng.reporters.JUnitReportReporter -->
<testsuite skipped="0" hostname="LAPTOP-RNPR9NEP" name="com.appium.Scripts.StudioScript" tests="1" failures="0" timestamp="2021-04-19T21:28:59 IST" time="10.815" errors="0">
  <testcase name="StudioTest" time="10.815" classname="com.appium.Scripts.StudioScript"/>
  <system-out/>
</testsuite> <!-- com.appium.Scripts.StudioScript -->
