<?xml version="1.0" encoding="UTF-8"?>
<!-- Generated by org.testng.reporters.JUnitReportReporter -->
<testsuite skipped="0" hostname="LAPTOP-RNPR9NEP" name="com.appium.Scripts.AjioAccountScript" tests="1" failures="0" timestamp="2021-05-29T09:54:30 IST" time="9.348" errors="0">
  <testcase name="AjioAccountTest" time="9.348" classname="com.appium.Scripts.AjioAccountScript"/>
  <system-out/>
</testsuite> <!-- com.appium.Scripts.AjioAccountScript -->
