<?xml version="1.0" encoding="UTF-8"?>
<!-- Generated by org.testng.reporters.JUnitReportReporter -->
<testsuite skipped="0" hostname="LAPTOP-RNPR9NEP" name="com.appium.Scripts.AjioHomeScript" tests="1" failures="0" timestamp="2021-05-29T09:54:30 IST" time="7.786" errors="0">
  <testcase name="AjioHomeTest" time="7.786" classname="com.appium.Scripts.AjioHomeScript"/>
  <system-out/>
</testsuite> <!-- com.appium.Scripts.AjioHomeScript -->
