<?xml version="1.0" encoding="UTF-8"?>
<!-- Generated by org.testng.reporters.JUnitReportReporter -->
<testsuite skipped="0" hostname="LAPTOP-RNPR9NEP" name="com.appium.Scripts.SearchProductTest" tests="1" failures="0" timestamp="2021-04-08T17:42:33 IST" time="24.581" errors="0">
  <testcase name="SearchProductTest" time="24.581" classname="com.appium.Scripts.SearchProductTest"/>
  <system-out/>
</testsuite> <!-- com.appium.Scripts.SearchProductTest -->
