<?xml version="1.0" encoding="UTF-8"?>
<!-- Generated by org.testng.reporters.JUnitReportReporter -->
<testsuite skipped="0" hostname="LAPTOP-RNPR9NEP" name="com.appium.Scripts.WishlistScript" tests="1" failures="0" timestamp="2021-04-19T19:41:07 IST" time="12.526" errors="0">
  <testcase name="WishlistTest" time="12.526" classname="com.appium.Scripts.WishlistScript"/>
  <system-out/>
</testsuite> <!-- com.appium.Scripts.WishlistScript -->
