<?xml version="1.0" encoding="UTF-8"?>
<!-- Generated by org.testng.reporters.JUnitReportReporter -->
<testsuite skipped="0" hostname="LAPTOP-RNPR9NEP" name="com.appium.Scripts.AjioWishlistScript" tests="1" failures="0" timestamp="2021-05-29T09:54:30 IST" time="9.194" errors="0">
  <testcase name="AjioWishlistTest" time="9.194" classname="com.appium.Scripts.AjioWishlistScript"/>
  <system-out/>
</testsuite> <!-- com.appium.Scripts.AjioWishlistScript -->
