<?xml version="1.0" encoding="UTF-8"?>
<!-- Generated by org.testng.reporters.JUnitReportReporter -->
<testsuite skipped="0" hostname="LAPTOP-RNPR9NEP" name="com.appium.Scripts.ExploreScript" tests="1" failures="0" timestamp="2021-04-19T21:26:15 IST" time="16.206" errors="0">
  <testcase name="ExploreTest" time="16.206" classname="com.appium.Scripts.ExploreScript"/>
  <system-out/>
</testsuite> <!-- com.appium.Scripts.ExploreScript -->
