<?xml version="1.0" encoding="UTF-8"?>
<!-- Generated by org.testng.reporters.JUnitReportReporter -->
<testsuite skipped="0" hostname="LAPTOP-RNPR9NEP" name="com.appium.Scripts.SearchProductScript" tests="1" failures="0" timestamp="2021-04-19T21:25:12 IST" time="81.708" errors="0">
  <testcase name="SearchProductTest" time="81.708" classname="com.appium.Scripts.SearchProductScript"/>
  <system-out/>
</testsuite> <!-- com.appium.Scripts.SearchProductScript -->
