<?xml version="1.0" encoding="UTF-8"?>
<!-- Generated by org.testng.reporters.JUnitReportReporter -->
<testsuite skipped="0" hostname="LAPTOP-RNPR9NEP" name="com.appium.Scripts.NotificationScript" tests="1" failures="0" timestamp="2021-04-19T21:28:05 IST" time="9.422" errors="0">
  <testcase name="NotificationTest" time="9.422" classname="com.appium.Scripts.NotificationScript"/>
  <system-out/>
</testsuite> <!-- com.appium.Scripts.NotificationScript -->
