<?xml version="1.0" encoding="UTF-8"?>
<!-- Generated by org.testng.reporters.JUnitReportReporter -->
<testsuite skipped="0" hostname="LAPTOP-RNPR9NEP" name="com.appium.Scripts.ProfileScript" tests="1" failures="0" timestamp="2021-04-19T18:29:55 IST" time="13.989" errors="0">
  <testcase name="ProfileTest" time="13.989" classname="com.appium.Scripts.ProfileScript"/>
  <system-out/>
</testsuite> <!-- com.appium.Scripts.ProfileScript -->
