<?xml version="1.0" encoding="UTF-8"?>
<!-- Generated by org.testng.reporters.JUnitReportReporter -->
<testsuite skipped="0" hostname="LAPTOP-RNPR9NEP" name="com.seleniumAjioTests.SignupTest" tests="1" failures="0" timestamp="2021-05-29T09:07:19 IST" time="27.792" errors="0">
  <testcase name="searchtest" time="27.792" classname="com.seleniumAjioTests.SignupTest"/>
  <system-out/>
</testsuite> <!-- com.seleniumAjioTests.SignupTest -->
