<?xml version="1.0" encoding="UTF-8"?>
<!-- Generated by org.testng.reporters.JUnitReportReporter -->
<testsuite skipped="0" hostname="LAPTOP-RNPR9NEP" name="com.seleniumAjioTests.HomeandKitchenTest" tests="1" failures="0" timestamp="2021-05-29T09:07:20 IST" time="17.317" errors="0">
  <testcase name="kitchentest" time="17.317" classname="com.seleniumAjioTests.HomeandKitchenTest"/>
  <system-out/>
</testsuite> <!-- com.seleniumAjioTests.HomeandKitchenTest -->
