<?xml version="1.0" encoding="UTF-8"?>
<!-- Generated by org.testng.reporters.JUnitReportReporter -->
<testsuite skipped="0" hostname="LAPTOP-RNPR9NEP" name="com.seleniumAjioTests.SearchTest" tests="1" failures="0" timestamp="2021-05-29T09:07:20 IST" time="18.098" errors="0">
  <testcase name="shoestest" time="18.098" classname="com.seleniumAjioTests.SearchTest"/>
  <system-out/>
</testsuite> <!-- com.seleniumAjioTests.SearchTest -->
