<?xml version="1.0" encoding="UTF-8"?>
<!-- Generated by org.testng.reporters.JUnitReportReporter -->
<testsuite skipped="0" hostname="LAPTOP-RNPR9NEP" name="com.seleniumAjioTests.MenTest" tests="1" failures="0" timestamp="2021-05-29T09:07:20 IST" time="46.348" errors="0">
  <testcase name="mentest" time="46.348" classname="com.seleniumAjioTests.MenTest"/>
  <system-out/>
</testsuite> <!-- com.seleniumAjioTests.MenTest -->
