<?xml version="1.0" encoding="UTF-8"?>
<!-- Generated by org.testng.reporters.JUnitReportReporter -->
<testsuite skipped="0" hostname="LAPTOP-RNPR9NEP" name="com.seleniumAjioTests.IndiesTest" tests="1" failures="0" timestamp="2021-05-29T09:07:20 IST" time="26.983" errors="0">
  <testcase name="indietest" time="26.983" classname="com.seleniumAjioTests.IndiesTest"/>
  <system-out/>
</testsuite> <!-- com.seleniumAjioTests.IndiesTest -->
