<?xml version="1.0" encoding="UTF-8"?>
<!-- Generated by org.testng.reporters.JUnitReportReporter -->
<testsuite skipped="0" hostname="Tulsi-PC" name="com.booking.Scripts.HotelbookingScript" tests="1" failures="0" timestamp="2021-03-29T06:58:32 IST" time="32.073" errors="0">
  <testcase name="HotelBookingTest" time="32.073" classname="com.booking.Scripts.HotelbookingScript"/>
</testsuite> <!-- com.booking.Scripts.HotelbookingScript -->
