<?xml version="1.0" encoding="UTF-8"?>
<!-- Generated by org.testng.reporters.JUnitReportReporter -->
<testsuite skipped="0" hostname="Tulsi-PC" name="com.booking.Scripts.TaxibookingScript" tests="1" failures="0" timestamp="2021-03-29T06:55:02 IST" time="66.981" errors="0">
  <testcase name="TaxiBookingTest" time="66.981" classname="com.booking.Scripts.TaxibookingScript"/>
</testsuite> <!-- com.booking.Scripts.TaxibookingScript -->
